<?xml version="1.0" encoding="UTF-8"?>
<coverage generated="1778923900340" clover="3.2.0">
  <project timestamp="1778923900340" name="All files">
    <metrics statements="68" coveredstatements="63" conditionals="51" coveredconditionals="39" methods="17" coveredmethods="14" elements="136" coveredelements="116" complexity="0" loc="68" ncloc="68" packages="5" files="12" classes="12"/>
    <package name="src">
      <metrics statements="2" coveredstatements="2" conditionals="13" coveredconditionals="7" methods="1" coveredmethods="1"/>
      <file name="App.css" path="/Users/suborto_shuvo/react testing/react-testing-course/src/App.css">
        <metrics statements="0" coveredstatements="0" conditionals="0" coveredconditionals="0" methods="0" coveredmethods="0"/>
      </file>
      <file name="App.tsx" path="/Users/suborto_shuvo/react testing/react-testing-course/src/App.tsx">
        <metrics statements="2" coveredstatements="2" conditionals="13" coveredconditionals="7" methods="1" coveredmethods="1"/>
        <line num="10" count="1" type="stmt"/>
        <line num="12" count="1" type="stmt"/>
      </file>
    </package>
    <package name="src.components">
      <metrics statements="25" coveredstatements="22" conditionals="28" coveredconditionals="24" methods="11" coveredmethods="8"/>
      <file name="ErrorMessage.tsx" path="/Users/suborto_shuvo/react testing/react-testing-course/src/components/ErrorMessage.tsx">
        <metrics statements="1" coveredstatements="0" conditionals="2" coveredconditionals="0" methods="1" coveredmethods="0"/>
        <line num="7" count="0" type="stmt"/>
      </file>
      <file name="LoadingState.tsx" path="/Users/suborto_shuvo/react testing/react-testing-course/src/components/LoadingState.tsx">
        <metrics statements="2" coveredstatements="0" conditionals="0" coveredconditionals="0" methods="2" coveredmethods="0"/>
        <line num="2" count="0" type="stmt"/>
        <line num="19" count="0" type="stmt"/>
      </file>
      <file name="RepoItem.tsx" path="/Users/suborto_shuvo/react testing/react-testing-course/src/components/RepoItem.tsx">
        <metrics statements="2" coveredstatements="2" conditionals="6" coveredconditionals="5" methods="1" coveredmethods="1"/>
        <line num="7" count="2" type="stmt"/>
        <line num="21" count="3" type="stmt"/>
      </file>
      <file name="RepoList.tsx" path="/Users/suborto_shuvo/react testing/react-testing-course/src/components/RepoList.tsx">
        <metrics statements="4" coveredstatements="4" conditionals="2" coveredconditionals="2" methods="2" coveredmethods="2"/>
        <line num="9" count="2" type="cond" truecount="2" falsecount="0"/>
        <line num="10" count="1" type="stmt"/>
        <line num="27" count="1" type="stmt"/>
        <line num="32" count="3" type="stmt"/>
      </file>
      <file name="SearchBar.tsx" path="/Users/suborto_shuvo/react testing/react-testing-course/src/components/SearchBar.tsx">
        <metrics statements="15" coveredstatements="15" conditionals="12" coveredconditionals="11" methods="4" coveredmethods="4"/>
        <line num="9" count="58" type="stmt"/>
        <line num="10" count="58" type="stmt"/>
        <line num="12" count="58" type="stmt"/>
        <line num="13" count="3" type="stmt"/>
        <line num="14" count="3" type="cond" truecount="2" falsecount="0"/>
        <line num="15" count="1" type="stmt"/>
        <line num="16" count="1" type="stmt"/>
        <line num="18" count="2" type="stmt"/>
        <line num="19" count="2" type="stmt"/>
        <line num="22" count="58" type="stmt"/>
        <line num="23" count="42" type="stmt"/>
        <line num="24" count="42" type="cond" truecount="1" falsecount="1"/>
        <line num="27" count="58" type="stmt"/>
        <line num="55" count="1" type="stmt"/>
        <line num="56" count="1" type="stmt"/>
      </file>
      <file name="UserCard.tsx" path="/Users/suborto_shuvo/react testing/react-testing-course/src/components/UserCard.tsx">
        <metrics statements="1" coveredstatements="1" conditionals="6" coveredconditionals="6" methods="1" coveredmethods="1"/>
        <line num="9" count="3" type="stmt"/>
      </file>
    </package>
    <package name="src.hooks">
      <metrics statements="30" coveredstatements="28" conditionals="4" coveredconditionals="3" methods="3" coveredmethods="3"/>
      <file name="useGithubUser.ts" path="/Users/suborto_shuvo/react testing/react-testing-course/src/hooks/useGithubUser.ts">
        <metrics statements="30" coveredstatements="28" conditionals="4" coveredconditionals="3" methods="3" coveredmethods="3"/>
        <line num="14" count="13" type="stmt"/>
        <line num="15" count="13" type="stmt"/>
        <line num="16" count="13" type="stmt"/>
        <line num="17" count="13" type="stmt"/>
        <line num="19" count="13" type="stmt"/>
        <line num="20" count="5" type="stmt"/>
        <line num="21" count="5" type="stmt"/>
        <line num="22" count="5" type="stmt"/>
        <line num="23" count="5" type="stmt"/>
        <line num="25" count="5" type="stmt"/>
        <line num="26" count="5" type="stmt"/>
        <line num="28" count="3" type="cond" truecount="2" falsecount="0"/>
        <line num="29" count="1" type="stmt"/>
        <line num="30" count="1" type="stmt"/>
        <line num="33" count="2" type="cond" truecount="1" falsecount="1"/>
        <line num="34" count="0" type="stmt"/>
        <line num="35" count="0" type="stmt"/>
        <line num="38" count="2" type="stmt"/>
        <line num="39" count="2" type="stmt"/>
        <line num="41" count="2" type="stmt"/>
        <line num="44" count="2" type="stmt"/>
        <line num="45" count="2" type="stmt"/>
        <line num="47" count="2" type="stmt"/>
        <line num="49" count="5" type="stmt"/>
        <line num="53" count="13" type="stmt"/>
        <line num="54" count="1" type="stmt"/>
        <line num="55" count="1" type="stmt"/>
        <line num="56" count="1" type="stmt"/>
        <line num="57" count="1" type="stmt"/>
        <line num="60" count="13" type="stmt"/>
      </file>
    </package>
    <package name="src.test">
      <metrics statements="8" coveredstatements="8" conditionals="2" coveredconditionals="2" methods="1" coveredmethods="1"/>
      <file name="api.ts" path="/Users/suborto_shuvo/react testing/react-testing-course/src/test/api.ts">
        <metrics statements="5" coveredstatements="5" conditionals="2" coveredconditionals="2" methods="1" coveredmethods="1"/>
        <line num="2" count="2" type="stmt"/>
        <line num="4" count="2" type="cond" truecount="2" falsecount="0"/>
        <line num="5" count="1" type="stmt"/>
        <line num="8" count="1" type="stmt"/>
        <line num="11" count="1" type="stmt"/>
      </file>
      <file name="mocks.ts" path="/Users/suborto_shuvo/react testing/react-testing-course/src/test/mocks.ts">
        <metrics statements="3" coveredstatements="3" conditionals="0" coveredconditionals="0" methods="0" coveredmethods="0"/>
        <line num="4" count="3" type="stmt"/>
        <line num="17" count="3" type="stmt"/>
        <line num="30" count="3" type="stmt"/>
      </file>
    </package>
    <package name="src.utils">
      <metrics statements="3" coveredstatements="3" conditionals="4" coveredconditionals="3" methods="1" coveredmethods="1"/>
      <file name="formatNumber.ts" path="/Users/suborto_shuvo/react testing/react-testing-course/src/utils/formatNumber.ts">
        <metrics statements="3" coveredstatements="3" conditionals="4" coveredconditionals="3" methods="1" coveredmethods="1"/>
        <line num="2" count="12" type="cond" truecount="1" falsecount="1"/>
        <line num="3" count="12" type="cond" truecount="2" falsecount="0"/>
        <line num="4" count="9" type="stmt"/>
      </file>
    </package>
  </project>
</coverage>
